<?xml version="1.0" encoding="UTF-8"?>
<!-- Generated by org.testng.reporters.JUnitReportReporter -->
<testsuite skipped="0" hostname="DESKTOP-Q46UOJD" name="samplegittest.Samplegittest" tests="1" failures="0" timestamp="16 Jun 2018 06:16:07 GMT" time="18.516" errors="0">
  <testcase name="logintest" time="18.516" classname="samplegittest.Samplegittest"/>
</testsuite> <!-- samplegittest.Samplegittest -->
